<?xml version="1.0" encoding="UTF-8" ?>

<testsuite failures="0" time="0" errors="1" skipped="0" tests="0" name="BasicTest">
  <testcase classname="BasicTest" name="creatandRetrieveCustomer" time="0">
                        <error type="" message="A play.exceptions.JPAException has been caught, The JPA context is not initialized. JPA Entity Manager automatically start when one or more classes annotated with the @javax.persistence.Entity annotation are found in the application.">
        <![CDATA[
          In /test/BasicTest.java, line 11
          
                      new Customer("Will", "Shepherd", 0045).save(); :
          
        ]]>
        </error>
                  <system-err>
            play.exceptions.JPAException: The JPA context is not initialized. JPA Entity Manager automatically start when one or more classes annotated with the @javax.persistence.Entity annotation are found in the application.
	at play.db.jpa.JPA.get(JPA.java:22)
	at play.db.jpa.JPA.em(JPA.java:51)
	at play.db.jpa.JPABase.em(JPABase.java:195)
	at play.db.jpa.JPABase._save(JPABase.java:36)
	at play.db.jpa.GenericModel.save(GenericModel.java:184)
	at BasicTest.creatandRetrieveCustomer(BasicTest.java:11)
	at sun.reflect.NativeMethodAccessorImpl.invoke0(Native Method)
	at sun.reflect.NativeMethodAccessorImpl.invoke(NativeMethodAccessorImpl.java:39)
	at sun.reflect.DelegatingMethodAccessorImpl.invoke(DelegatingMethodAccessorImpl.java:25)
	at java.lang.reflect.Method.invoke(Method.java:597)
	at org.junit.runners.model.FrameworkMethod$1.runReflectiveCall(FrameworkMethod.java:44)
	at org.junit.internal.runners.model.ReflectiveCallable.run(ReflectiveCallable.java:15)
	at org.junit.runners.model.FrameworkMethod.invokeExplosively(FrameworkMethod.java:41)
	at org.junit.internal.runners.statements.InvokeMethod.evaluate(InvokeMethod.java:20)
	at play.test.PlayJUnitRunner$StartPlay$2$1.evaluate(PlayJUnitRunner.java:98)
	at org.junit.runners.BlockJUnit4ClassRunner.runChild(BlockJUnit4ClassRunner.java:76)
	at org.junit.runners.BlockJUnit4ClassRunner.runChild(BlockJUnit4ClassRunner.java:50)
	at org.junit.runners.ParentRunner$3.run(ParentRunner.java:193)
	at org.junit.runners.ParentRunner$1.schedule(ParentRunner.java:52)
	at org.junit.runners.ParentRunner.runChildren(ParentRunner.java:191)
	at org.junit.runners.ParentRunner.access$000(ParentRunner.java:42)
	at org.junit.runners.ParentRunner$2.evaluate(ParentRunner.java:184)
	at org.junit.runners.ParentRunner.run(ParentRunner.java:236)
	at play.test.PlayJUnitRunner.run(PlayJUnitRunner.java:48)
	at org.junit.runners.Suite.runChild(Suite.java:128)
	at org.junit.runners.Suite.runChild(Suite.java:24)
	at org.junit.runners.ParentRunner$3.run(ParentRunner.java:193)
	at org.junit.runners.ParentRunner$1.schedule(ParentRunner.java:52)
	at org.junit.runners.ParentRunner.runChildren(ParentRunner.java:191)
	at org.junit.runners.ParentRunner.access$000(ParentRunner.java:42)
	at org.junit.runners.ParentRunner$2.evaluate(ParentRunner.java:184)
	at org.junit.runners.ParentRunner.run(ParentRunner.java:236)
	at org.junit.runner.JUnitCore.run(JUnitCore.java:157)
	at org.junit.runner.JUnitCore.run(JUnitCore.java:136)
	at org.junit.runner.JUnitCore.run(JUnitCore.java:117)
	at play.test.TestEngine.run(TestEngine.java:101)
	at controllers.TestRunner.run(TestRunner.java:67)
	at sun.reflect.NativeMethodAccessorImpl.invoke0(Native Method)
	at sun.reflect.NativeMethodAccessorImpl.invoke(NativeMethodAccessorImpl.java:39)
	at sun.reflect.DelegatingMethodAccessorImpl.invoke(DelegatingMethodAccessorImpl.java:25)
	at java.lang.reflect.Method.invoke(Method.java:597)
	at play.mvc.ActionInvoker.invokeWithContinuation(ActionInvoker.java:546)
	at play.mvc.ActionInvoker.invoke(ActionInvoker.java:500)
	at play.mvc.ActionInvoker.invokeControllerMethod(ActionInvoker.java:476)
	at play.mvc.ActionInvoker.invokeControllerMethod(ActionInvoker.java:471)
	at play.mvc.ActionInvoker.invoke(ActionInvoker.java:159)
	at play.server.PlayHandler$NettyInvocation.execute(PlayHandler.java:220)
	at play.Invoker$Invocation.run(Invoker.java:265)
	at play.server.PlayHandler$NettyInvocation.run(PlayHandler.java:200)
	at java.util.concurrent.Executors$RunnableAdapter.call(Executors.java:441)
	at java.util.concurrent.FutureTask$Sync.innerRun(FutureTask.java:303)
	at java.util.concurrent.FutureTask.run(FutureTask.java:138)
	at java.util.concurrent.ScheduledThreadPoolExecutor$ScheduledFutureTask.access$301(ScheduledThreadPoolExecutor.java:98)
	at java.util.concurrent.ScheduledThreadPoolExecutor$ScheduledFutureTask.run(ScheduledThreadPoolExecutor.java:206)
	at java.util.concurrent.ThreadPoolExecutor$Worker.runTask(ThreadPoolExecutor.java:886)
	at java.util.concurrent.ThreadPoolExecutor$Worker.run(ThreadPoolExecutor.java:908)
	at java.lang.Thread.run(Thread.java:680)

          </system-err>  
        }
            </testcase>
</testsuite>
